<?xml version="1.0" encoding="UTF-8"?>
<!-- Generated by org.testng.reporters.JUnitReportReporter -->
<testsuite skipped="0" hostname="LAPTOP-T5D00340" name="javaBasics.StringLoop" tests="1" failures="0" timestamp="2020-12-16T20:59:15 IST" time="33.092" errors="0">
  <testcase name="test" time="33.092" classname="javaBasics.StringLoop"/>
  <system-out/>
</testsuite> <!-- javaBasics.StringLoop -->
