<?xml version="1.0" encoding="UTF-8"?>
<!-- Generated by org.testng.reporters.JUnitReportReporter -->
<testsuite skipped="0" hostname="LAPTOP-T5D00340" name="javaBasics.DataProviders" tests="3" failures="0" timestamp="2021-02-13T18:03:47 IST" time="9.291" errors="0">
  <testcase name="testMethod" time="3.066" classname="javaBasics.DataProviders"/>
  <system-out/>
  <testcase name="testMethod" time="3.153" classname="javaBasics.DataProviders"/>
  <system-out/>
  <testcase name="testMethod" time="3.072" classname="javaBasics.DataProviders"/>
  <system-out/>
</testsuite> <!-- javaBasics.DataProviders -->
